<?xml version="1.0" encoding="UTF-8"?>
<testng-results skipped="0" failed="1" ignored="1" total="5" passed="3">
  <reporter-output>
  </reporter-output>
  <suite name="Suite" duration-ms="186674" started-at="2018-04-17T11:23:15Z" finished-at="2018-04-17T11:26:22Z">
    <groups>
    </groups>
    <test name="Smoke Testcases" duration-ms="186674" started-at="2018-04-17T11:23:15Z" finished-at="2018-04-17T11:26:22Z">
      <class name="calling.Skype.Testcase_Login">
        <test-method status="PASS" signature="setUp()[pri:0, instance:calling.Skype.Testcase_Login@d2cc05a]" name="setUp" is-config="true" duration-ms="103062" started-at="2018-04-17T16:53:15Z" finished-at="2018-04-17T16:54:58Z">
          <reporter-output>
          </reporter-output>
        </test-method> <!-- setUp -->
        <test-method status="PASS" signature="tapOnSignIn()[pri:1, instance:calling.Skype.Testcase_Login@d2cc05a]" name="tapOnSignIn" duration-ms="3713" started-at="2018-04-17T16:54:58Z" finished-at="2018-04-17T16:55:02Z">
          <reporter-output>
          </reporter-output>
        </test-method> <!-- tapOnSignIn -->
        <test-method status="PASS" signature="loginSkype(java.util.Map)[pri:2, instance:calling.Skype.Testcase_Login@d2cc05a]" name="loginSkype" duration-ms="14038" started-at="2018-04-17T16:55:03Z" data-provider="LoginData" finished-at="2018-04-17T16:55:17Z">
          <params>
            <param index="0">
              <value>
                <![CDATA[{ExecuteFlag=Y, SerialNo=1, Scriptname=loginDetails, USERNAME=vinitapatil11, PASSWORD=vinita@11}]]>
              </value>
            </param>
          </params>
          <reporter-output>
          </reporter-output>
        </test-method> <!-- loginSkype -->
      </class> <!-- calling.Skype.Testcase_Login -->
      <class name="calling.Skype.TestCase_CallingUserWithDialer">
        <test-method status="PASS" signature="makingACallThroughDialer()[pri:3, instance:calling.Skype.TestCase_CallingUserWithDialer@4f933fd1]" name="makingACallThroughDialer" duration-ms="2537" started-at="2018-04-17T16:55:17Z" finished-at="2018-04-17T16:55:20Z">
          <reporter-output>
          </reporter-output>
        </test-method> <!-- makingACallThroughDialer -->
        <test-method status="FAIL" signature="dialNumber()[pri:4, instance:calling.Skype.TestCase_CallingUserWithDialer@4f933fd1]" name="dialNumber" duration-ms="61996" started-at="2018-04-17T16:55:20Z" finished-at="2018-04-17T16:56:22Z">
          <exception class="org.openqa.selenium.TimeoutException">
            <message>
              <![CDATA[Expected condition failed: waiting for presence of element located by: By.id: android:id/button1 (tried for 10 second(s) with 500 MILLISECONDS interval)]]>
            </message>
            <full-stacktrace>
              <![CDATA[org.openqa.selenium.TimeoutException: Expected condition failed: waiting for presence of element located by: By.id: android:id/button1 (tried for 10 second(s) with 500 MILLISECONDS interval)
	at org.openqa.selenium.support.ui.WebDriverWait.timeoutException(WebDriverWait.java:80)
	at org.openqa.selenium.support.ui.FluentWait.until(FluentWait.java:232)
	at pageObjects.DialerPageAndroid.tapOnOKButton(DialerPageAndroid.java:210)
	at calling.Skype.TestCase_CallingUserWithDialer.dialNumber(TestCase_CallingUserWithDialer.java:50)
	at sun.reflect.NativeMethodAccessorImpl.invoke0(Native Method)
	at sun.reflect.NativeMethodAccessorImpl.invoke(NativeMethodAccessorImpl.java:62)
	at sun.reflect.DelegatingMethodAccessorImpl.invoke(DelegatingMethodAccessorImpl.java:43)
	at java.lang.reflect.Method.invoke(Method.java:498)
	at org.testng.internal.MethodInvocationHelper.invokeMethod(MethodInvocationHelper.java:104)
	at org.testng.internal.Invoker.invokeMethod(Invoker.java:645)
	at org.testng.internal.Invoker.invokeTestMethod(Invoker.java:851)
	at org.testng.internal.Invoker.invokeTestMethods(Invoker.java:1177)
	at org.testng.internal.TestMethodWorker.invokeTestMethods(TestMethodWorker.java:129)
	at org.testng.internal.TestMethodWorker.run(TestMethodWorker.java:112)
	at org.testng.TestRunner.privateRun(TestRunner.java:756)
	at org.testng.TestRunner.run(TestRunner.java:610)
	at org.testng.SuiteRunner.runTest(SuiteRunner.java:387)
	at org.testng.SuiteRunner.runSequentially(SuiteRunner.java:382)
	at org.testng.SuiteRunner.privateRun(SuiteRunner.java:340)
	at org.testng.SuiteRunner.run(SuiteRunner.java:289)
	at org.testng.SuiteRunnerWorker.runSuite(SuiteRunnerWorker.java:52)
	at org.testng.SuiteRunnerWorker.run(SuiteRunnerWorker.java:86)
	at org.testng.TestNG.runSuitesSequentially(TestNG.java:1293)
	at org.testng.TestNG.runSuitesLocally(TestNG.java:1218)
	at org.testng.TestNG.runSuites(TestNG.java:1133)
	at org.testng.TestNG.run(TestNG.java:1104)
	at org.apache.maven.surefire.testng.TestNGExecutor.run(TestNGExecutor.java:283)
	at org.apache.maven.surefire.testng.TestNGXmlTestSuite.execute(TestNGXmlTestSuite.java:75)
	at org.apache.maven.surefire.testng.TestNGProvider.invoke(TestNGProvider.java:120)
	at org.apache.maven.surefire.booter.ForkedBooter.invokeProviderInSameClassLoader(ForkedBooter.java:373)
	at org.apache.maven.surefire.booter.ForkedBooter.runSuitesInProcess(ForkedBooter.java:334)
	at org.apache.maven.surefire.booter.ForkedBooter.execute(ForkedBooter.java:119)
	at org.apache.maven.surefire.booter.ForkedBooter.main(ForkedBooter.java:407)
Caused by: org.openqa.selenium.NoSuchElementException: Cannot locate an element using By.id: android:id/button1
For documentation on this error, please visit: http://seleniumhq.org/exceptions/no_such_element.html
Build info: version: '3.5.3', revision: 'a88d25fe6b', time: '2017-08-29T12:42:44.417Z'
System info: host: 'DIN16002999', ip: '10.246.112.237', os.name: 'Windows 7', os.arch: 'amd64', os.version: '6.1', java.version: '1.8.0_144'
Driver info: driver.version: unknown
	at org.openqa.selenium.support.ui.ExpectedConditions.lambda$findElement$0(ExpectedConditions.java:883)
	at java.util.Optional.orElseThrow(Optional.java:290)
	at org.openqa.selenium.support.ui.ExpectedConditions.findElement(ExpectedConditions.java:882)
	at org.openqa.selenium.support.ui.ExpectedConditions.access$000(ExpectedConditions.java:44)
	at org.openqa.selenium.support.ui.ExpectedConditions$6.apply(ExpectedConditions.java:183)
	at org.openqa.selenium.support.ui.ExpectedConditions$6.apply(ExpectedConditions.java:180)
	at org.openqa.selenium.support.ui.FluentWait.until(FluentWait.java:209)
	... 31 more
]]>
            </full-stacktrace>
          </exception> <!-- org.openqa.selenium.TimeoutException -->
          <reporter-output>
          </reporter-output>
        </test-method> <!-- dialNumber -->
      </class> <!-- calling.Skype.TestCase_CallingUserWithDialer -->
    </test> <!-- Smoke Testcases -->
  </suite> <!-- Suite -->
</testng-results>
