<?xml version="1.0" encoding="UTF-8"?>
<!-- Generated by org.testng.reporters.JUnitXMLReporter -->
<testsuite hostname="DIN16002999" ignored="1" name="Smoke Testcases" tests="11" failures="4" timestamp="05 Apr 2018 13:06:52 GMT" time="209.779" errors="0">
  <testcase name="tapOnSignIn" time="4.21" classname="calling.Skype.Testcase_Login"/>
  <testcase name="loginSkype" time="31.588" classname="calling.Skype.Testcase_Login"/>
  <testcase name="makingACallThroughDialer" time="4.219" classname="calling.Skype.TestCase_CallingUserWithDialer"/>
  <testcase name="dialNumber" time="62.758" classname="calling.Skype.TestCase_CallingUserWithDialer">
    <failure type="org.openqa.selenium.TimeoutException" message="Expected condition failed: waiting for presence of element located by: By.id: android:id/button1 (tried for 10 second(s) with 500 MILLISECONDS interval)">
      <![CDATA[org.openqa.selenium.TimeoutException: Expected condition failed: waiting for presence of element located by: By.id: android:id/button1 (tried for 10 second(s) with 500 MILLISECONDS interval)
	at org.openqa.selenium.support.ui.WebDriverWait.timeoutException(WebDriverWait.java:80)
	at org.openqa.selenium.support.ui.FluentWait.until(FluentWait.java:232)
	at pageObjects.DialerPageAndroid.tapOnOKButton(DialerPageAndroid.java:211)
	at calling.Skype.TestCase_CallingUserWithDialer.dialNumber(TestCase_CallingUserWithDialer.java:50)
Caused by: org.openqa.selenium.NoSuchElementException: Cannot locate an element using By.id: android:id/button1
For documentation on this error, please visit: http://seleniumhq.org/exceptions/no_such_element.html
Build info: version: '3.5.3', revision: 'a88d25fe6b', time: '2017-08-29T12:42:44.417Z'
System info: host: 'DIN16002999', ip: '10.246.112.234', os.name: 'Windows 7', os.arch: 'amd64', os.version: '6.1', java.version: '1.8.0_144'
Driver info: driver.version: unknown
	at org.openqa.selenium.support.ui.ExpectedConditions.lambda$findElement$0(ExpectedConditions.java:883)
	at java.util.Optional.orElseThrow(Optional.java:290)
	at org.openqa.selenium.support.ui.ExpectedConditions.findElement(ExpectedConditions.java:882)
	at org.openqa.selenium.support.ui.ExpectedConditions.access$000(ExpectedConditions.java:44)
	at org.openqa.selenium.support.ui.ExpectedConditions$6.apply(ExpectedConditions.java:183)
	at org.openqa.selenium.support.ui.ExpectedConditions$6.apply(ExpectedConditions.java:180)
	at org.openqa.selenium.support.ui.FluentWait.until(FluentWait.java:209)
	... 31 more
... Removed 29 stack frames]]>
    </failure>
  </testcase> <!-- dialNumber -->
  <testcase name="saveContact" time="5.344" classname="calling.Skype.TestCase_CallingUserWithDialer"/>
  <testcase name="searchContact" time="5.072" classname="calling.Skype.TestCase_CallingUserWithDialer">
    <failure type="org.openqa.selenium.WebDriverException" message="An unknown server-side error occurred while processing the command. Original error: Soft keyboard not present, cannot hide keyboard (WARNING: The server did not provide any stacktrace information)
Command duration or timeout: 0 milliseconds
Build info: version: &amp;apos;3.5.3&amp;apos;, revision: &amp;apos;a88d25fe6b&amp;apos;, time: &amp;apos;2017-08-29T12:42:44.417Z&amp;apos;
System info: host: &amp;apos;DIN16002999&amp;apos;, ip: &amp;apos;10.246.112.234&amp;apos;, os.name: &amp;apos;Windows 7&amp;apos;, os.arch: &amp;apos;amd64&amp;apos;, os.version: &amp;apos;6.1&amp;apos;, java.version: &amp;apos;1.8.0_144&amp;apos;
Driver info: io.appium.java_client.android.AndroidDriver
Capabilities [{appPackage=com.skype.m2, appActivity=com.skype.m2.views.AppEntry, automationName=uiautomator2, javascriptEnabled=true, platformName=ANDROID, deviceName=NotUsed, platform=ANDROID}]
Session ID: 1443f75b-a9cc-4156-9b92-3209de118f63">
      <![CDATA[org.openqa.selenium.WebDriverException: An unknown server-side error occurred while processing the command. Original error: Soft keyboard not present, cannot hide keyboard (WARNING: The server did not provide any stacktrace information)
Command duration or timeout: 0 milliseconds
Build info: version: '3.5.3', revision: 'a88d25fe6b', time: '2017-08-29T12:42:44.417Z'
System info: host: 'DIN16002999', ip: '10.246.112.234', os.name: 'Windows 7', os.arch: 'amd64', os.version: '6.1', java.version: '1.8.0_144'
Driver info: io.appium.java_client.android.AndroidDriver
Capabilities [{appPackage=com.skype.m2, appActivity=com.skype.m2.views.AppEntry, automationName=uiautomator2, javascriptEnabled=true, platformName=ANDROID, deviceName=NotUsed, platform=ANDROID}]
Session ID: 1443f75b-a9cc-4156-9b92-3209de118f63
	at org.openqa.selenium.remote.ErrorHandler.createThrowable(ErrorHandler.java:215)
	at org.openqa.selenium.remote.ErrorHandler.throwIfResponseFailed(ErrorHandler.java:167)
	at org.openqa.selenium.remote.http.JsonHttpResponseCodec.reconstructValue(JsonHttpResponseCodec.java:40)
	at org.openqa.selenium.remote.http.AbstractHttpResponseCodec.decode(AbstractHttpResponseCodec.java:82)
	at org.openqa.selenium.remote.http.AbstractHttpResponseCodec.decode(AbstractHttpResponseCodec.java:45)
	at org.openqa.selenium.remote.HttpCommandExecutor.execute(HttpCommandExecutor.java:164)
	at io.appium.java_client.remote.AppiumCommandExecutor.execute(AppiumCommandExecutor.java:89)
	at org.openqa.selenium.remote.RemoteWebDriver.execute(RemoteWebDriver.java:646)
	at io.appium.java_client.DefaultGenericMobileDriver.execute(DefaultGenericMobileDriver.java:46)
	at io.appium.java_client.AppiumDriver.execute(AppiumDriver.java:1)
	at io.appium.java_client.android.AndroidDriver.execute(AndroidDriver.java:1)
	at io.appium.java_client.HidesKeyboard.hideKeyboard(HidesKeyboard.java:27)
	at pageObjects.LoginPageAndroid.HideKeyboard(LoginPageAndroid.java:141)
	at calling.Skype.TestCase_CallingUserWithDialer.searchContact(TestCase_CallingUserWithDialer.java:78)
... Removed 33 stack frames]]>
    </failure>
  </testcase> <!-- searchContact -->
  <testcase name="scrollUp" time="0.131" classname="calling.Skype.TestCase_CallingUserWithDialer">
    <failure type="org.openqa.selenium.WebDriverException" message="An unknown server-side error occurred while processing the command. (WARNING: The server did not provide any stacktrace information)
Command duration or timeout: 0 milliseconds
Build info: version: &amp;apos;3.5.3&amp;apos;, revision: &amp;apos;a88d25fe6b&amp;apos;, time: &amp;apos;2017-08-29T12:42:44.417Z&amp;apos;
System info: host: &amp;apos;DIN16002999&amp;apos;, ip: &amp;apos;10.246.112.234&amp;apos;, os.name: &amp;apos;Windows 7&amp;apos;, os.arch: &amp;apos;amd64&amp;apos;, os.version: &amp;apos;6.1&amp;apos;, java.version: &amp;apos;1.8.0_144&amp;apos;
Driver info: io.appium.java_client.android.AndroidDriver
Capabilities [{appPackage=com.skype.m2, appActivity=com.skype.m2.views.AppEntry, automationName=uiautomator2, javascriptEnabled=true, platformName=ANDROID, deviceName=NotUsed, platform=ANDROID}]
Session ID: 1443f75b-a9cc-4156-9b92-3209de118f63">
      <![CDATA[org.openqa.selenium.WebDriverException: An unknown server-side error occurred while processing the command. (WARNING: The server did not provide any stacktrace information)
Command duration or timeout: 0 milliseconds
Build info: version: '3.5.3', revision: 'a88d25fe6b', time: '2017-08-29T12:42:44.417Z'
System info: host: 'DIN16002999', ip: '10.246.112.234', os.name: 'Windows 7', os.arch: 'amd64', os.version: '6.1', java.version: '1.8.0_144'
Driver info: io.appium.java_client.android.AndroidDriver
Capabilities [{appPackage=com.skype.m2, appActivity=com.skype.m2.views.AppEntry, automationName=uiautomator2, javascriptEnabled=true, platformName=ANDROID, deviceName=NotUsed, platform=ANDROID}]
Session ID: 1443f75b-a9cc-4156-9b92-3209de118f63
	at org.openqa.selenium.remote.ErrorHandler.createThrowable(ErrorHandler.java:215)
	at org.openqa.selenium.remote.ErrorHandler.throwIfResponseFailed(ErrorHandler.java:167)
	at org.openqa.selenium.remote.http.JsonHttpResponseCodec.reconstructValue(JsonHttpResponseCodec.java:40)
	at org.openqa.selenium.remote.http.AbstractHttpResponseCodec.decode(AbstractHttpResponseCodec.java:82)
	at org.openqa.selenium.remote.http.AbstractHttpResponseCodec.decode(AbstractHttpResponseCodec.java:45)
	at org.openqa.selenium.remote.HttpCommandExecutor.execute(HttpCommandExecutor.java:164)
	at io.appium.java_client.remote.AppiumCommandExecutor.execute(AppiumCommandExecutor.java:89)
	at org.openqa.selenium.remote.RemoteWebDriver.execute(RemoteWebDriver.java:646)
	at io.appium.java_client.DefaultGenericMobileDriver.execute(DefaultGenericMobileDriver.java:42)
	at io.appium.java_client.AppiumDriver.execute(AppiumDriver.java:1)
	at io.appium.java_client.android.AndroidDriver.execute(AndroidDriver.java:1)
	at io.appium.java_client.PerformsTouchActions.performTouchAction(PerformsTouchActions.java:41)
	at io.appium.java_client.TouchAction.perform(TouchAction.java:325)
	at pageObjects.DialerPageAndroid.swipeUp(DialerPageAndroid.java:420)
	at calling.Skype.TestCase_CallingUserWithDialer.scrollUp(TestCase_CallingUserWithDialer.java:88)
... Removed 33 stack frames]]>
    </failure>
  </testcase> <!-- scrollUp -->
  <testcase name="scrollDown" time="0.212" classname="calling.Skype.TestCase_CallingUserWithDialer"/>
  <testcase name="getNumberOfRecords" time="0.057" classname="calling.Skype.TestCase_CallingUserWithDialer"/>
  <testcase name="horizontalScroll" time="0.065" classname="calling.Skype.TestCase_CallingUserWithDialer"/>
  <testcase name="signout" time="50.406" classname="calling.Skype.TestCase_CallingUserWithDialer">
    <failure type="org.openqa.selenium.TimeoutException" message="Expected condition failed: waiting for presence of element located by: By.xpath: //android.widget.ImageButton[@content-desc=&amp;apos;Menu&amp;apos;] (tried for 20 second(s) with 500 MILLISECONDS interval)">
      <![CDATA[org.openqa.selenium.TimeoutException: Expected condition failed: waiting for presence of element located by: By.xpath: //android.widget.ImageButton[@content-desc='Menu'] (tried for 20 second(s) with 500 MILLISECONDS interval)
	at org.openqa.selenium.support.ui.WebDriverWait.timeoutException(WebDriverWait.java:80)
	at org.openqa.selenium.support.ui.FluentWait.until(FluentWait.java:232)
	at pageObjects.LoginPageAndroid.tapOnMenu(LoginPageAndroid.java:201)
	at calling.Skype.TestCase_CallingUserWithDialer.signout(TestCase_CallingUserWithDialer.java:121)
Caused by: org.openqa.selenium.NoSuchElementException: Cannot locate an element using By.xpath: //android.widget.ImageButton[@content-desc='Menu']
For documentation on this error, please visit: http://seleniumhq.org/exceptions/no_such_element.html
Build info: version: '3.5.3', revision: 'a88d25fe6b', time: '2017-08-29T12:42:44.417Z'
System info: host: 'DIN16002999', ip: '10.246.112.234', os.name: 'Windows 7', os.arch: 'amd64', os.version: '6.1', java.version: '1.8.0_144'
Driver info: driver.version: unknown
	at org.openqa.selenium.support.ui.ExpectedConditions.lambda$findElement$0(ExpectedConditions.java:883)
	at java.util.Optional.orElseThrow(Optional.java:290)
	at org.openqa.selenium.support.ui.ExpectedConditions.findElement(ExpectedConditions.java:882)
	at org.openqa.selenium.support.ui.ExpectedConditions.access$000(ExpectedConditions.java:44)
	at org.openqa.selenium.support.ui.ExpectedConditions$6.apply(ExpectedConditions.java:183)
	at org.openqa.selenium.support.ui.ExpectedConditions$6.apply(ExpectedConditions.java:180)
	at org.openqa.selenium.support.ui.FluentWait.until(FluentWait.java:209)
	... 31 more
... Removed 29 stack frames]]>
    </failure>
  </testcase> <!-- signout -->
  <testcase name="@BeforeTest setUp" time="0.0" classname="calling.Skype.BaseTestClass">
    <ignored/>
  </testcase> <!-- @BeforeTest setUp -->
</testsuite> <!-- Smoke Testcases -->
